This file contains any messages produced by compilers while
running configure, to aid debugging if configure makes a mistake.

It was created by configure, which was
generated by GNU Autoconf 2.57.  Invocation command line was

  $ ./configure --no-create --no-recursion

## --------- ##
## Platform. ##
## --------- ##

hostname = coolerx
uname -m = i686
uname -r = 2.4.20-8
uname -s = Linux
uname -v = #2 Sun Oct 12 18:18:10 WIT 2003

/usr/bin/uname -p = unknown
/bin/uname -X     = unknown

/bin/arch              = i686
/usr/bin/arch -k       = unknown
/usr/convex/getsysinfo = unknown
hostinfo               = unknown
/bin/machine           = unknown
/usr/bin/oslevel       = unknown
/bin/universe          = unknown

PATH: /usr/local/kde/bin
PATH: /usr/local/sbin
PATH: /usr/local/bin
PATH: /sbin
PATH: /bin
PATH: /usr/sbin
PATH: /usr/bin
PATH: /usr/X11R6/bin
PATH: /usr/local/jre/bin
PATH: /root/bin


## ----------- ##
## Core tests. ##
## ----------- ##

configure:1483: checking for a BSD-compatible install
configure:1537: result: /usr/bin/install -c
configure:1548: checking whether build environment is sane
configure:1591: result: yes
configure:1624: checking for gawk
configure:1640: found /bin/gawk
configure:1650: result: gawk
configure:1660: checking whether make sets $(MAKE)
configure:1680: result: yes
configure:1878: checking for gcc
configure:1894: found /usr/bin/gcc
configure:1904: result: gcc
configure:2148: checking for C compiler version
configure:2151: gcc --version </dev/null >&5
gcc (GCC) 3.2.2 20030222 (Red Hat Linux 3.2.2-5)
Copyright (C) 2002 Free Software Foundation, Inc.
This is free software; see the source for copying conditions.  There is NO
warranty; not even for MERCHANTABILITY or FITNESS FOR A PARTICULAR PURPOSE.

configure:2154: $? = 0
configure:2156: gcc -v </dev/null >&5
Reading specs from /usr/lib/gcc-lib/i386-redhat-linux/3.2.2/specs
Configured with: ../configure --prefix=/usr --mandir=/usr/share/man --infodir=/usr/share/info --enable-shared --enable-threads=posix --disable-checking --with-system-zlib --enable-__cxa_atexit --host=i386-redhat-linux
Thread model: posix
gcc version 3.2.2 20030222 (Red Hat Linux 3.2.2-5)
configure:2159: $? = 0
configure:2161: gcc -V </dev/null >&5
gcc: argument to `-V' is missing
configure:2164: $? = 1
configure:2188: checking for C compiler default output
configure:2191: gcc    conftest.c  >&5
configure:2194: $? = 0
configure:2240: result: a.out
configure:2245: checking whether the C compiler works
configure:2251: ./a.out
configure:2254: $? = 0
configure:2271: result: yes
configure:2278: checking whether we are cross compiling
configure:2280: result: no
configure:2283: checking for suffix of executables
configure:2285: gcc -o conftest    conftest.c  >&5
configure:2288: $? = 0
configure:2313: result: 
configure:2319: checking for suffix of object files
configure:2341: gcc -c   conftest.c >&5
configure:2344: $? = 0
configure:2366: result: o
configure:2370: checking whether we are using the GNU C compiler
configure:2395: gcc -c   conftest.c >&5
configure:2398: $? = 0
configure:2401: test -s conftest.o
configure:2404: $? = 0
configure:2417: result: yes
configure:2423: checking whether gcc accepts -g
configure:2445: gcc -c -g  conftest.c >&5
configure:2448: $? = 0
configure:2451: test -s conftest.o
configure:2454: $? = 0
configure:2465: result: yes
configure:2482: checking for gcc option to accept ANSI C
configure:2543: gcc  -c -g -O2  conftest.c >&5
configure:2546: $? = 0
configure:2549: test -s conftest.o
configure:2552: $? = 0
configure:2570: result: none needed
configure:2588: gcc -c -g -O2  conftest.c >&5
conftest.c:2: parse error before "me"
configure:2591: $? = 1
configure: failed program was:
| #ifndef __cplusplus
|   choke me
| #endif
configure:2719: checking for style of include used by make
configure:2747: result: GNU
configure:2775: checking dependency style of gcc
configure:2837: result: gcc3
configure:2914: checking build system type
configure:2932: result: i686-pc-linux-gnu
configure:2940: checking host system type
configure:2954: result: i686-pc-linux-gnu
configure:2984: checking for ld used by GCC
configure:3047: result: /usr/bin/ld
configure:3056: checking if the linker (/usr/bin/ld) is GNU ld
GNU ld version 2.13.90.0.18 20030206
configure:3068: result: yes
configure:3073: checking for /usr/bin/ld option to reload object files
configure:3080: result: -r
configure:3085: checking for BSD-compatible nm
configure:3121: result: /usr/bin/nm -B
configure:3124: checking for a sed that does not truncate output
configure:3206: result: /bin/sed
configure:3209: checking whether ln -s works
configure:3213: result: yes
configure:3220: checking how to recognise dependent libraries
configure:3401: result: pass_all
configure:3414: checking command to parse /usr/bin/nm -B output
configure:3498: gcc -c -g -O2  conftest.c >&5
configure:3501: $? = 0
configure:3505: /usr/bin/nm -B conftest.o \| sed -n -e 's/^.*[ 	]\([ABCDGISTW][ABCDGISTW]*\)[ 	][ 	]*\(\)\([_A-Za-z][_A-Za-z0-9]*\)$/\1 \2\3 \3/p' \> conftest.nm
configure:3508: $? = 0
configure:3560: gcc -o conftest -g -O2   conftest.c conftstm.o >&5
configure:3563: $? = 0
configure:3607: result: ok
configure:3616: checking how to run the C preprocessor
configure:3652: gcc -E  conftest.c
configure:3658: $? = 0
configure:3690: gcc -E  conftest.c
configure:3691:28: ac_nonexistent.h: No such file or directory
configure:3696: $? = 1
configure: failed program was:
| #line 3681 "configure"
| /* confdefs.h.  */
| 
| #define PACKAGE_NAME ""
| #define PACKAGE_TARNAME ""
| #define PACKAGE_VERSION ""
| #define PACKAGE_STRING ""
| #define PACKAGE_BUGREPORT ""
| #define PACKAGE "ccd2iso"
| #define VERSION "0.1"
| /* end confdefs.h.  */
| #include <ac_nonexistent.h>
configure:3734: result: gcc -E
configure:3759: gcc -E  conftest.c
configure:3765: $? = 0
configure:3797: gcc -E  conftest.c
configure:3798:28: ac_nonexistent.h: No such file or directory
configure:3803: $? = 1
configure: failed program was:
| #line 3788 "configure"
| /* confdefs.h.  */
| 
| #define PACKAGE_NAME ""
| #define PACKAGE_TARNAME ""
| #define PACKAGE_VERSION ""
| #define PACKAGE_STRING ""
| #define PACKAGE_BUGREPORT ""
| #define PACKAGE "ccd2iso"
| #define VERSION "0.1"
| /* end confdefs.h.  */
| #include <ac_nonexistent.h>
configure:3846: checking for egrep
configure:3856: result: grep -E
configure:3861: checking for ANSI C header files
configure:3887: gcc -c -g -O2  conftest.c >&5
configure:3890: $? = 0
configure:3893: test -s conftest.o
configure:3896: $? = 0
configure:3985: gcc -o conftest -g -O2   conftest.c  >&5
configure:3988: $? = 0
configure:3990: ./conftest
configure:3993: $? = 0
configure:4008: result: yes
configure:4032: checking for sys/types.h
configure:4049: gcc -c -g -O2  conftest.c >&5
configure:4052: $? = 0
configure:4055: test -s conftest.o
configure:4058: $? = 0
configure:4069: result: yes
configure:4032: checking for sys/stat.h
configure:4049: gcc -c -g -O2  conftest.c >&5
configure:4052: $? = 0
configure:4055: test -s conftest.o
configure:4058: $? = 0
configure:4069: result: yes
configure:4032: checking for stdlib.h
configure:4049: gcc -c -g -O2  conftest.c >&5
configure:4052: $? = 0
configure:4055: test -s conftest.o
configure:4058: $? = 0
configure:4069: result: yes
configure:4032: checking for string.h
configure:4049: gcc -c -g -O2  conftest.c >&5
configure:4052: $? = 0
configure:4055: test -s conftest.o
configure:4058: $? = 0
configure:4069: result: yes
configure:4032: checking for memory.h
configure:4049: gcc -c -g -O2  conftest.c >&5
configure:4052: $? = 0
configure:4055: test -s conftest.o
configure:4058: $? = 0
configure:4069: result: yes
configure:4032: checking for strings.h
configure:4049: gcc -c -g -O2  conftest.c >&5
configure:4052: $? = 0
configure:4055: test -s conftest.o
configure:4058: $? = 0
configure:4069: result: yes
configure:4032: checking for inttypes.h
configure:4049: gcc -c -g -O2  conftest.c >&5
configure:4052: $? = 0
configure:4055: test -s conftest.o
configure:4058: $? = 0
configure:4069: result: yes
configure:4032: checking for stdint.h
configure:4049: gcc -c -g -O2  conftest.c >&5
configure:4052: $? = 0
configure:4055: test -s conftest.o
configure:4058: $? = 0
configure:4069: result: yes
configure:4032: checking for unistd.h
configure:4049: gcc -c -g -O2  conftest.c >&5
configure:4052: $? = 0
configure:4055: test -s conftest.o
configure:4058: $? = 0
configure:4069: result: yes
configure:4095: checking dlfcn.h usability
configure:4108: gcc -c -g -O2  conftest.c >&5
configure:4111: $? = 0
configure:4114: test -s conftest.o
configure:4117: $? = 0
configure:4127: result: yes
configure:4131: checking dlfcn.h presence
configure:4142: gcc -E  conftest.c
configure:4148: $? = 0
configure:4167: result: yes
configure:4203: checking for dlfcn.h
configure:4210: result: yes
configure:4408: checking for ranlib
configure:4424: found /usr/bin/ranlib
configure:4435: result: ranlib
configure:4488: checking for strip
configure:4504: found /usr/bin/strip
configure:4515: result: strip
configure:4725: checking for objdir
configure:4736: result: .libs
configure:4753: checking for gcc option to produce PIC
configure:4899: result: -fPIC
configure:4903: checking if gcc PIC flag -fPIC works
configure:4927: gcc -c -g -O2 -fPIC -DPIC  conftest.c >&5
configure:4930: $? = 0
configure:4933: test -s conftest.o
configure:4936: $? = 0
configure:4974: result: yes
configure:4990: checking if gcc static flag -static works
configure:5015: gcc -o conftest -g -O2   -static conftest.c  >&5
configure:5018: $? = 0
configure:5021: test -s conftest
configure:5024: $? = 0
configure:5040: result: yes
configure:5052: checking if gcc supports -c -o file.o
configure:5075: gcc -c -g -O2 -o out/conftest2.o  conftest.c >&5
configure:5096: result: yes
configure:5101: checking if gcc supports -c -o file.lo
configure:5129: gcc -c -g -O2 -c -o conftest.lo  conftest.c >&5
configure:5132: $? = 0
configure:5135: test -s conftest.lo
configure:5138: $? = 0
configure:5160: result: yes
configure:5191: checking if gcc supports -fno-rtti -fno-exceptions
configure:5214: gcc -c -g -O2 -fno-rtti -fno-exceptions -c conftest.c  conftest.c >&5
configure:5217: $? = 0
configure:5220: test -s conftest.o
configure:5223: $? = 0
configure:5240: result: yes
configure:5251: checking whether the linker (/usr/bin/ld) supports shared libraries
configure:5946: result: yes
configure:5951: checking how to hardcode library paths into programs
configure:5975: result: immediate
configure:5980: checking whether stripping libraries is possible
configure:5985: result: yes
configure:5996: checking dynamic linker characteristics
configure:6427: result: GNU/Linux ld.so
configure:6432: checking if libtool supports shared libraries
configure:6434: result: yes
configure:6437: checking whether to build shared libraries
configure:6458: result: yes
configure:6461: checking whether to build static libraries
configure:6465: result: yes
configure:7139: checking whether -lc should be explicitly linked in
configure:7147: gcc -c -g -O2  conftest.c >&5
configure:7150: $? = 0
configure:7164: gcc -shared conftest.o  -v -Wl,-soname -Wl,conftest -o conftest 2\>\&1 \| grep  -lc  \>/dev/null 2\>\&1
configure:7167: $? = 0
configure:7180: result: no
configure:7857: creating ./config.status

## ---------------- ##
## Cache variables. ##
## ---------------- ##

ac_cv_build=i686-pc-linux-gnu
ac_cv_build_alias=i686-pc-linux-gnu
ac_cv_c_compiler_gnu=yes
ac_cv_env_CC_set=
ac_cv_env_CC_value=
ac_cv_env_CFLAGS_set=
ac_cv_env_CFLAGS_value=
ac_cv_env_CPPFLAGS_set=
ac_cv_env_CPPFLAGS_value=
ac_cv_env_CPP_set=
ac_cv_env_CPP_value=
ac_cv_env_LDFLAGS_set=
ac_cv_env_LDFLAGS_value=
ac_cv_env_build_alias_set=
ac_cv_env_build_alias_value=
ac_cv_env_host_alias_set=
ac_cv_env_host_alias_value=
ac_cv_env_target_alias_set=
ac_cv_env_target_alias_value=
ac_cv_exeext=
ac_cv_header_dlfcn_h=yes
ac_cv_header_inttypes_h=yes
ac_cv_header_memory_h=yes
ac_cv_header_stdc=yes
ac_cv_header_stdint_h=yes
ac_cv_header_stdlib_h=yes
ac_cv_header_string_h=yes
ac_cv_header_strings_h=yes
ac_cv_header_sys_stat_h=yes
ac_cv_header_sys_types_h=yes
ac_cv_header_unistd_h=yes
ac_cv_host=i686-pc-linux-gnu
ac_cv_host_alias=i686-pc-linux-gnu
ac_cv_objext=o
ac_cv_path_install='/usr/bin/install -c'
ac_cv_prog_AWK=gawk
ac_cv_prog_CPP='gcc -E'
ac_cv_prog_ac_ct_CC=gcc
ac_cv_prog_ac_ct_RANLIB=ranlib
ac_cv_prog_ac_ct_STRIP=strip
ac_cv_prog_cc_g=yes
ac_cv_prog_cc_stdc=
ac_cv_prog_egrep='grep -E'
ac_cv_prog_make_make_set=yes
am_cv_CC_dependencies_compiler_type=gcc3
lt_cv_archive_cmds_need_lc=no
lt_cv_compiler_c_o=yes
lt_cv_compiler_o_lo=yes
lt_cv_deplibs_check_method=pass_all
lt_cv_file_magic_cmd='$MAGIC_CMD'
lt_cv_file_magic_test_file='/lib/libc.so.6 /lib/libc-2.3.2.so'
lt_cv_global_symbol_to_c_name_address='sed -n -e '\''s/^: \([^ ]*\) $/  {\"\1\", (lt_ptr) 0},/p'\'' -e '\''s/^[BCDEGRST] \([^ ]*\) \([^ ]*\)$/  {"\2", (lt_ptr) \&\2},/p'\'''
lt_cv_global_symbol_to_cdecl='sed -n -e '\''s/^. .* \(.*\)$/extern char \1;/p'\'''
lt_cv_ld_reload_flag=-r
lt_cv_path_LD=/usr/bin/ld
lt_cv_path_NM='/usr/bin/nm -B'
lt_cv_path_SED=/bin/sed
lt_cv_prog_cc_can_build_shared=yes
lt_cv_prog_cc_no_builtin=
lt_cv_prog_cc_pic=' -fPIC'
lt_cv_prog_cc_pic_works=yes
lt_cv_prog_cc_shlib=
lt_cv_prog_cc_static=-static
lt_cv_prog_cc_static_works=yes
lt_cv_prog_cc_wl=-Wl,
lt_cv_prog_gnu_ld=yes
lt_cv_sys_global_symbol_pipe='sed -n -e '\''s/^.*[ 	]\([ABCDGISTW][ABCDGISTW]*\)[ 	][ 	]*\(\)\([_A-Za-z][_A-Za-z0-9]*\)$/\1 \2\3 \3/p'\'''

## ----------------- ##
## Output variables. ##
## ----------------- ##

ACLOCAL='${SHELL} /root/projects/kde/ccd2iso/missing --run aclocal-1.6'
AMDEPBACKSLASH='\'
AMDEP_FALSE='#'
AMDEP_TRUE=''
AMTAR='${SHELL} /root/projects/kde/ccd2iso/missing --run tar'
AUTOCONF='${SHELL} /root/projects/kde/ccd2iso/missing --run autoconf'
AUTOHEADER='${SHELL} /root/projects/kde/ccd2iso/missing --run autoheader'
AUTOMAKE='${SHELL} /root/projects/kde/ccd2iso/missing --run automake-1.6'
AWK='gawk'
CC='gcc'
CCDEPMODE='depmode=gcc3'
CFLAGS='-g -O2'
CPP='gcc -E'
CPPFLAGS=''
DEFS='-DHAVE_CONFIG_H'
DEPDIR='.deps'
ECHO='echo'
ECHO_C=''
ECHO_N='-n'
ECHO_T=''
EGREP='grep -E'
EXEEXT=''
INSTALL_DATA='${INSTALL} -m 644'
INSTALL_PROGRAM='${INSTALL}'
INSTALL_SCRIPT='${INSTALL}'
INSTALL_STRIP_PROGRAM='${SHELL} $(install_sh) -c -s'
LDFLAGS=''
LIBOBJS=''
LIBS=''
LIBTOOL='$(SHELL) $(top_builddir)/libtool'
LN_S='ln -s'
LTLIBOBJS=''
MAKEINFO='${SHELL} /root/projects/kde/ccd2iso/missing --run makeinfo'
OBJEXT='o'
PACKAGE='ccd2iso'
PACKAGE_BUGREPORT=''
PACKAGE_NAME=''
PACKAGE_STRING=''
PACKAGE_TARNAME=''
PACKAGE_VERSION=''
PATH_SEPARATOR=':'
RANLIB='ranlib'
SET_MAKE=''
SHELL='/bin/sh'
STRIP='strip'
VERSION='0.1'
ac_ct_CC='gcc'
ac_ct_RANLIB='ranlib'
ac_ct_STRIP='strip'
am__include='include'
am__quote=''
bindir='${exec_prefix}/bin'
build='i686-pc-linux-gnu'
build_alias=''
build_cpu='i686'
build_os='linux-gnu'
build_vendor='pc'
datadir='${prefix}/share'
exec_prefix='${prefix}'
host='i686-pc-linux-gnu'
host_alias=''
host_cpu='i686'
host_os='linux-gnu'
host_vendor='pc'
includedir='${prefix}/include'
infodir='${prefix}/info'
install_sh='/root/projects/kde/ccd2iso/install-sh'
libdir='${exec_prefix}/lib'
libexecdir='${exec_prefix}/libexec'
localstatedir='${prefix}/var'
mandir='${prefix}/man'
oldincludedir='/usr/include'
prefix='/usr/local'
program_transform_name='s,x,x,'
sbindir='${exec_prefix}/sbin'
sharedstatedir='${prefix}/com'
sysconfdir='${prefix}/etc'
target_alias=''

## ----------- ##
## confdefs.h. ##
## ----------- ##

#define HAVE_DLFCN_H 1
#define HAVE_INTTYPES_H 1
#define HAVE_MEMORY_H 1
#define HAVE_STDINT_H 1
#define HAVE_STDLIB_H 1
#define HAVE_STRINGS_H 1
#define HAVE_STRING_H 1
#define HAVE_SYS_STAT_H 1
#define HAVE_SYS_TYPES_H 1
#define HAVE_UNISTD_H 1
#define PACKAGE "ccd2iso"
#define PACKAGE_BUGREPORT ""
#define PACKAGE_NAME ""
#define PACKAGE_STRING ""
#define PACKAGE_TARNAME ""
#define PACKAGE_VERSION ""
#define STDC_HEADERS 1
#define VERSION "0.1"

configure: exit 0

## ---------------------- ##
## Running config.status. ##
## ---------------------- ##

This file was extended by config.status, which was
generated by GNU Autoconf 2.57.  Invocation command line was

  CONFIG_FILES    = 
  CONFIG_HEADERS  = 
  CONFIG_LINKS    = 
  CONFIG_COMMANDS = 
  $ ./config.status Makefile

on coolerx

config.status:662: creating Makefile

## ---------------------- ##
## Running config.status. ##
## ---------------------- ##

This file was extended by config.status, which was
generated by GNU Autoconf 2.57.  Invocation command line was

  CONFIG_FILES    = 
  CONFIG_HEADERS  = 
  CONFIG_LINKS    = 
  CONFIG_COMMANDS = 
  $ ./config.status config.h

on coolerx

config.status:766: creating config.h
config.status:873: config.h is unchanged

## ---------------------- ##
## Running config.status. ##
## ---------------------- ##

This file was extended by config.status, which was
generated by GNU Autoconf 2.57.  Invocation command line was

  CONFIG_FILES    = 
  CONFIG_HEADERS  = 
  CONFIG_LINKS    = 
  CONFIG_COMMANDS = 
  $ ./config.status src/Makefile depfiles

on coolerx

config.status:662: creating src/Makefile
config.status:979: executing depfiles commands

## ---------------------- ##
## Running config.status. ##
## ---------------------- ##

This file was extended by config.status, which was
generated by GNU Autoconf 2.57.  Invocation command line was

  CONFIG_FILES    = 
  CONFIG_HEADERS  = 
  CONFIG_LINKS    = 
  CONFIG_COMMANDS = 
  $ ./config.status src/Makefile depfiles

on coolerx

config.status:662: creating src/Makefile
config.status:979: executing depfiles commands
